\BOOKMARK [1][-]{section.1}{Confessions\040of\040faith}{}% 1
\BOOKMARK [2][-]{subsection.1.1}{1689\040Baptist\040confession\040of\040faith}{section.1}% 2
\BOOKMARK [3][-]{subsubsection.1.1.1}{Chapter\0401}{subsection.1.1}% 3
\BOOKMARK [3][-]{subsubsection.1.1.2}{Notes\040for\040Chapter\0402,\040paragraph\0401}{subsection.1.1}% 4
\BOOKMARK [3][-]{subsubsection.1.1.3}{Notes\040for\040Chapter\0409,\040paragraph\0403}{subsection.1.1}% 5
\BOOKMARK [2][-]{subsection.1.2}{Heidelberg\040Catechism}{section.1}% 6
\BOOKMARK [1][-]{section.2}{My\040thoughts\040and\040bible\040references\040regarding\040theology}{}% 7
\BOOKMARK [2][-]{subsection.2.1}{Bible\040versions\040used\040in\040this\040document}{section.2}% 8
\BOOKMARK [1][-]{section.3}{Being\040born-again}{}% 9
\BOOKMARK [2][-]{subsection.3.1}{Experiential\040heart\040belief\040through\040obedience}{section.3}% 10
\BOOKMARK [2][-]{subsection.3.2}{Repentance\040from\040sin\040may\040come\040before\040believing\040in\040Jesus}{section.3}% 11
\BOOKMARK [2][-]{subsection.3.3}{A\040person\040who\040is\040really\040believing\040in\040Jesus\040will\040do\040the\040works\040of\040Jesus\040-\040they'll\040produce\040good\040works}{section.3}% 12
\BOOKMARK [2][-]{subsection.3.4}{Everyone\040who\040is\040actively\040and\040actually\040believing\040that\040Jesus\040is\040the\040Christ\040has\040been\040born\040of\040God}{section.3}% 13
\BOOKMARK [3][-]{subsubsection.3.4.1}{Receiving\040the\040inheritance\040naturally\040comes\040after\040hearing\040the\040word\040of\040truth\040and\040believing\040in\040Jesus}{subsection.3.4}% 14
\BOOKMARK [2][-]{subsection.3.5}{Further\040repentance\040from\040sin\040and\040to\040come\040to\040love\040in\040the\040way\040that\040Jesus\040did\040is\040an\040inevitable\040consequence\040of\040being\040born\040of\040God\040i.e.\040truly\040believing\040in\040Jesus}{section.3}% 15
\BOOKMARK [2][-]{subsection.3.6}{Knowing\040God\040by\040obeying\040Jesus\040and\040loving\040with\040Christ's\040love\040implies\040you\040have\040at\040some\040stage\040been\040born\040of\040God}{section.3}% 16
\BOOKMARK [2][-]{subsection.3.7}{Obedience\040lead\040to\040belief\040which\040leads\040to\040obedience\040\(loving\040with\040Christ's\040love\040with\040the\040help\040of\040God's\040spirit\)\040which\040leads\040to\040overcoming\040the\040world}{section.3}% 17
\BOOKMARK [2][-]{subsection.3.8}{We\040overcome\040the\040world\040with\040a\040new\040spirit\040God\040has\040given\040us\040to\040wait\040and\040trust\040on\040Him\040and\040obey\040Him}{section.3}% 18
\BOOKMARK [3][-]{subsubsection.3.8.1}{Marriage\040should\040not\040become\040idolatry}{subsection.3.8}% 19
\BOOKMARK [2][-]{subsection.3.9}{The\040importance\040of\040loving\040one\040another}{section.3}% 20
\BOOKMARK [2][-]{subsection.3.10}{Receiving\040the\040Holy\040Spirit}{section.3}% 21
\BOOKMARK [3][-]{subsubsection.3.10.1}{Water\040baptism\040as\040an\040appeal\040to\040God}{subsection.3.10}% 22
\BOOKMARK [3][-]{subsubsection.3.10.2}{What\040is\040more\040important,\040probably,\040is\040to\040be\040born-again\040and\040baptised\040by\040the\040Holy\040Spirit}{subsection.3.10}% 23
\BOOKMARK [3][-]{subsubsection.3.10.3}{The\040Holy\040Spirit\040may\040teach\040us\040even\040before\040He\040is\040in\040us,\040by\040helping\040us\040as\040He\040dwells\040with\040us}{subsection.3.10}% 24
\BOOKMARK [2][-]{subsection.3.11}{Our\040will\040should\040be\040for\040God's\040will\040to\040be\040done,\040and\040to\040will\040to\040do\040God's\040will}{section.3}% 25
\BOOKMARK [3][-]{subsubsection.3.11.1}{Being\040filled\040with\040the\040Holy\040Spirit}{subsection.3.11}% 26
\BOOKMARK [2][-]{subsection.3.12}{In\040God's\040mercy,\040we\040come\040to\040obedient\040faith\040and\040come\040into\040Christ\040Jesus}{section.3}% 27
\BOOKMARK [3][-]{subsubsection.3.12.1}{In\040Christ\040Jesus,\040the\040blood\040of\040Jesus\040cleanses\040us\040from\040all\040sin}{subsection.3.12}% 28
\BOOKMARK [2][-]{subsection.3.13}{Obedience\040is\040absolutely\040within\040our\040ability}{section.3}% 29
\BOOKMARK [3][-]{subsubsection.3.13.1}{Observing\040Jesus,\040continuing\040to\040believe\040in\040Him\040and\040believe\040His\040words\040and\040abide\040in\040His\040word,\040we\040will\040live\040forever}{subsection.3.13}% 30
\BOOKMARK [3][-]{subsubsection.3.13.2}{We\040are\040saved\040by\040grace\040through\040faith\040in\040Jesus\040Christ}{subsection.3.13}% 31
\BOOKMARK [3][-]{subsubsection.3.13.3}{We\040become\040obedient\040to\040Jesus}{subsection.3.13}% 32
\BOOKMARK [3][-]{subsubsection.3.13.4}{There's\040some\040bonuses\040to\040suffering\040for\040Christ's\040sake\040and\040for\040endurance}{subsection.3.13}% 33
\BOOKMARK [3][-]{subsubsection.3.13.5}{Eternal\040life\040and\040salvation\040is\040a\040gift\040received\040through\040faith}{subsection.3.13}% 34
\BOOKMARK [2][-]{subsection.3.14}{Disobedience\040is\040sin}{section.3}% 35
\BOOKMARK [2][-]{subsection.3.15}{God\040makes\040us\040born-again,\040so\040we\040can\040love\040Him,\040obediently}{section.3}% 36
\BOOKMARK [3][-]{subsubsection.3.15.1}{The\040Christian\040life\040is\040both\040gift\040and\040duty}{subsection.3.15}% 37
\BOOKMARK [3][-]{subsubsection.3.15.2}{Jesus'\040obedience}{subsection.3.15}% 38
\BOOKMARK [3][-]{subsubsection.3.15.3}{Our\040following\040His\040example}{subsection.3.15}% 39
\BOOKMARK [3][-]{subsubsection.3.15.4}{God\040working\040in\040us}{subsection.3.15}% 40
\BOOKMARK [3][-]{subsubsection.3.15.5}{God\040acts\040for\040those\040who\040wait\040for\040Him}{subsection.3.15}% 41
\BOOKMARK [3][-]{subsubsection.3.15.6}{The\040free\040gift\040is\040God\040-\040God\040is\040the\040Gospel}{subsection.3.15}% 42
\BOOKMARK [3][-]{subsubsection.3.15.7}{God\040the\040justifier\040of\040the\040one\040who\040has\040faith\040in\040Jesus\040-\040the\040righteousness\040of\040God\040apart\040from\040the\040law\040is\040received\040by\040faith}{subsection.3.15}% 43
\BOOKMARK [3][-]{subsubsection.3.15.8}{The\040point\040of\040justification\040-\040we\040rejoice\040in\040the\040hope\040of\040the\040glory\040of\040God,\040and\040we\040are\040transformed}{subsection.3.15}% 44
\BOOKMARK [3][-]{subsubsection.3.15.9}{Why\040do\040we\040want\040to\040live\040righteously?\040To\040honour\040Christ}{subsection.3.15}% 45
\BOOKMARK [3][-]{subsubsection.3.15.10}{Under\040the\040right\040conditions,\040I\040don't\040see\040a\040problem\040with\040'working'\040for\040God}{subsection.3.15}% 46
\BOOKMARK [2][-]{subsection.3.16}{Eternal\040security\040for\040those\040who\040follow\040Jesus}{section.3}% 47
\BOOKMARK [2][-]{subsection.3.17}{Some\040indicators\040to\040know\040for\040SURE\040you\040are\040saved}{section.3}% 48
\BOOKMARK [1][-]{section.4}{Following\040Jesus}{}% 49
\BOOKMARK [2][-]{subsection.4.1}{Being\040led\040by\040the\040Spirit\040is\040not\040license\040to\040sin}{section.4}% 50
\BOOKMARK [2][-]{subsection.4.2}{Walk\040by\040the\040Spirit\040=\040Obey\040Jesus\040=\040Led\040by\040the\040Spirit}{section.4}% 51
\BOOKMARK [2][-]{subsection.4.3}{Following\040Jesus\040is\040the\040way\040of\040righteousness}{section.4}% 52
\BOOKMARK [2][-]{subsection.4.4}{Obey\040the\040Truth,\040obey\040Jesus.\040Serve\040one\040another\040through\040love}{section.4}% 53
\BOOKMARK [3][-]{subsubsection.4.4.1}{You\040cannot\040serve\040God,\040and\040also\040be\040yoked\040to\040money}{subsection.4.4}% 54
\BOOKMARK [3][-]{subsubsection.4.4.2}{Make\040friends\040with\040charity\040while\040money\040hasn't\040yet\040failed}{subsection.4.4}% 55
\BOOKMARK [3][-]{subsubsection.4.4.3}{In\040this\040world\040God\040can\040see\040if\040we\040are\040to\040be\040trusted\040with\040true\040heavenly\040wealth\040by\040seeing\040how\040we\040used\040our\040money}{subsection.4.4}% 56
\BOOKMARK [3][-]{subsubsection.4.4.4}{We\040must\040actually\040make\040following\040Jesus\040a\040reality\040to\040take\040hold\040of\040the\040eternal\040life\040to\040which\040we\040are\040called}{subsection.4.4}% 57
\BOOKMARK [1][-]{section.5}{Great\040commission}{}% 58
\BOOKMARK [2][-]{subsection.5.1}{Even\040the\040Old\040Testament\040makes\040a\040person\040wise\040for\040salvation\040through\040faith\040in\040Christ\040Jesus:}{section.5}% 59
\BOOKMARK [2][-]{subsection.5.2}{Jesus}{section.5}% 60
\BOOKMARK [2][-]{subsection.5.3}{Belief}{section.5}% 61
\BOOKMARK [2][-]{subsection.5.4}{Our\040obedient\040faith\040should\040be\040penitent,\040and\040should\040be\040without\040partiality.\040We\040aim\040for\040perfection,\040to\040be\040conformed\040to\040Christ's\040image}{section.5}% 62
\BOOKMARK [3][-]{subsubsection.5.4.1}{Faith\040is\040not\040merely\040belief,\040but\040faith\040is\040walking\040as\040Abraham\040did\040-\040believing\040and\040obedient}{subsection.5.4}% 63
\BOOKMARK [3][-]{subsubsection.5.4.2}{Joy\040requires\040apostolic\040work}{subsection.5.4}% 64
\BOOKMARK [3][-]{subsubsection.5.4.3}{We\040are\040bought\040with\040the\040precious\040blood\040of\040Christ\040and\040we\040should\040be\040obedient\040to\040God}{subsection.5.4}% 65
\BOOKMARK [3][-]{subsubsection.5.4.4}{Eternal\040salvation\040goes\040to\040those\040who\040obey\040Him}{subsection.5.4}% 66
\BOOKMARK [3][-]{subsubsection.5.4.5}{Faith\040in\040Jesus\040Christ's\040name\040to\040be\040saved}{subsection.5.4}% 67
\BOOKMARK [2][-]{subsection.5.5}{By\040God's\040grace\040God\040has\040saved\040us\040and\040provided\040us\040with\040a\040means\040to\040be\040reconciled\040to\040Him\040through\040trusting\040faith\040in\040Him}{section.5}% 68
\BOOKMARK [2][-]{subsection.5.6}{Receiving\040Jesus}{section.5}% 69
\BOOKMARK [3][-]{subsubsection.5.6.1}{Receiving\040Jesus\040may\040be\040as\040easy\040as\040receiving\040the\040one\040who\040He\040sends,\040or\040receiving\040a\040child\040in\040His\040name}{subsection.5.6}% 70
\BOOKMARK [3][-]{subsubsection.5.6.2}{Receive\040Jesus\040and\040His\040words,\040and\040then\040put\040to\040death\040the\040deeds\040of\040the\040body}{subsection.5.6}% 71
\BOOKMARK [3][-]{subsubsection.5.6.3}{God\040through\040His\040mercy\040saves\040us.\040We\040should\040respond\040well}{subsection.5.6}% 72
\BOOKMARK [3][-]{subsubsection.5.6.4}{Those\040who\040have\040a\040heart\040of\040faith\040towards\040Him\040\(and\040anyone\040who\040He\040wills\)\040may\040receive\040forgiveness\040of\040sins\040through\040his\040name}{subsection.5.6}% 73
\BOOKMARK [2][-]{subsection.5.7}{I\040believe\040that\040a\040loving,\040trusting\040\(\040believing\040and\040obedient\040\)\040heart\040for\040Jesus\040Christ\040is\040essential\040for\040permanent\040abiding\040in\040Him}{section.5}% 74
\BOOKMARK [3][-]{subsubsection.5.7.1}{The\040Holy\040Spirit\040is\040the\040living\040water}{subsection.5.7}% 75
\BOOKMARK [3][-]{subsubsection.5.7.2}{Belief\040leads\040to\040obedience,\040which\040leads\040to\040knowledge\040of\040the\040Truth}{subsection.5.7}% 76
\BOOKMARK [3][-]{subsubsection.5.7.3}{As\040we\040come\040to\040Jesus,\040we\040are\040conformed\040to\040His\040image}{subsection.5.7}% 77
\BOOKMARK [3][-]{subsubsection.5.7.4}{Peter\040was\040quick\040to\040belief,\040and\040his\040belief\040led\040to\040obedience}{subsection.5.7}% 78
\BOOKMARK [3][-]{subsubsection.5.7.5}{Thomas\040was\040following\040Jesus\040around\040for\040a\040long\040time\040and\040was\040slow\040to\040belief,\040but\040arrived}{subsection.5.7}% 79
\BOOKMARK [3][-]{subsubsection.5.7.6}{Believing\040Jesus}{subsection.5.7}% 80
\BOOKMARK [3][-]{subsubsection.5.7.7}{Believing\040Jesus,\040we\040have\040the\040right\040to\040become\040a\040child\040of\040God}{subsection.5.7}% 81
\BOOKMARK [3][-]{subsubsection.5.7.8}{My\040understanding\040of\040repentance}{subsection.5.7}% 82
\BOOKMARK [3][-]{subsubsection.5.7.9}{We\040must\040have\040a\040changed\040heart,\040which\040longs\040to\040serve\040the\040living\040God,\040to\040be\040a\040bondservant\040of\040Jesus.\040AMEN!!}{subsection.5.7}% 83
\BOOKMARK [3][-]{subsubsection.5.7.10}{Doing\040the\040will\040of\040God}{subsection.5.7}% 84
\BOOKMARK [3][-]{subsubsection.5.7.11}{Work\040may\040be\040burned\040up,\040and\040the\040person\040who\040has\040a\040believing\040and\040obedient\040heart\040is\040still\040saved}{subsection.5.7}% 85
\BOOKMARK [3][-]{subsubsection.5.7.12}{Forever\040abiding\040is\040believing\040and\040being\040a\040disciple,\040a\040servant}{subsection.5.7}% 86
\BOOKMARK [2][-]{subsection.5.8}{God\040opens\040the\040eyes\040to\040see\040the\040light\040of\040the\040gospel}{section.5}% 87
\BOOKMARK [2][-]{subsection.5.9}{Gospel}{section.5}% 88
