\BOOKMARK [1][-]{section.1}{Confessions\040of\040faith}{}% 1
\BOOKMARK [2][-]{subsection.1.1}{The\040order\040of\040salvation}{section.1}% 2
\BOOKMARK [3][-]{subsubsection.1.1.1}{What\040does\040Jesus\040want\040us\040to\040do?\040Continue\040in\040Jesus\040teachings,\040have\040faith\040and\040obedience\040towards\040Him}{subsection.1.1}% 3
\BOOKMARK [2][-]{subsection.1.2}{Children\040of\040God,\040born\040of\040promise,\040have\040faith\040in\040Christ\040and\040purify\040themselves}{section.1}% 4
\BOOKMARK [3][-]{subsubsection.1.2.1}{Ishmael,\040the\040son\040of\040the\040slave\040women\040Hagar,\040shall\040not\040not\040inherit\040with\040the\040son\040of\040the\040free\040woman.}{subsection.1.2}% 5
\BOOKMARK [3][-]{subsubsection.1.2.2}{The\040children\040of\040God\040are\040children\040of\040the\040promise,\040but\040we\040must\040belong\040to\040Christ}{subsection.1.2}% 6
\BOOKMARK [2][-]{subsection.1.3}{Living\040in\040observance\040of\040the\040Law\040is\040fine,\040and\040even\040encouraged}{section.1}% 7
\BOOKMARK [3][-]{subsubsection.1.3.1}{It's\040interesting\040that\040the\040KJV\040reads\040quite\040differently\040here,\040but\040I'm\040comfortable\040with\040the\040ESV}{subsection.1.3}% 8
\BOOKMARK [2][-]{subsection.1.4}{I'm\040non-denominational}{section.1}% 9
\BOOKMARK [2][-]{subsection.1.5}{1689\040Baptist\040confession\040of\040faith}{section.1}% 10
\BOOKMARK [3][-]{subsubsection.1.5.1}{Chapter\0401}{subsection.1.5}% 11
\BOOKMARK [3][-]{subsubsection.1.5.2}{Notes\040for\040Chapter\0402,\040paragraph\0401}{subsection.1.5}% 12
\BOOKMARK [3][-]{subsubsection.1.5.3}{Notes\040for\040Chapter\0409,\040paragraph\0403}{subsection.1.5}% 13
\BOOKMARK [3][-]{subsubsection.1.5.4}{Heidelberg\040Catechism}{subsection.1.5}% 14
\BOOKMARK [1][-]{section.2}{My\040thoughts\040and\040bible\040references\040regarding\040theology}{}% 15
\BOOKMARK [2][-]{subsection.2.1}{Bible\040versions\040used\040in\040this\040document}{section.2}% 16
\BOOKMARK [1][-]{section.3}{Being\040born-again}{}% 17
\BOOKMARK [2][-]{subsection.3.1}{Being\040born-again\040of\040the\040Spirit}{section.3}% 18
\BOOKMARK [3][-]{subsubsection.3.1.1}{New creation \(kainē ktisis\) - All things new}{subsection.3.1}% 19
\BOOKMARK [3][-]{subsubsection.3.1.2}{Repentance\040after\040being\040born\040of\040the\040Spirit}{subsection.3.1}% 20
\BOOKMARK [3][-]{subsubsection.3.1.3}{Becoming\040born-again\040of\040the\040Spirit\040may\040be\040receiving\040the\040inheritance}{subsection.3.1}% 21
\BOOKMARK [3][-]{subsubsection.3.1.4}{The\040living\040water,\040the\040Holy\040Spirit\040of\040promise\040is\040the\040seal\040of\040our\040inheritance,\040and\040received\040through\040faith\040in\040Jesus}{subsection.3.1}% 22
\BOOKMARK [3][-]{subsubsection.3.1.5}{Jesus\040being\040glorified\040means\040we\040can\040receive\040the\040Holy\040Spirit\040through\040faith}{subsection.3.1}% 23
\BOOKMARK [3][-]{subsubsection.3.1.6}{When\040we\040are\040born\040of\040the\040Spirit,\040we\040receive\040a\040regenerated\040spirit-man.\040This\040is\040part\040of\040the\040inheritance,\040I\040think}{subsection.3.1}% 24
\BOOKMARK [3][-]{subsubsection.3.1.7}{Any\040spiritual\040experience\040should\040be\040in\040the\040character\040of\040the\040Holy\040Spirit}{subsection.3.1}% 25
\BOOKMARK [3][-]{subsubsection.3.1.8}{My\040testimony\040of\040being\040born-again\040of\040the\040Spirit}{subsection.3.1}% 26
\BOOKMARK [2][-]{subsection.3.2}{Experiential\040heart\040belief\040through\040obedience}{section.3}% 27
\BOOKMARK [2][-]{subsection.3.3}{Repentance\040from\040sin\040may\040come\040before\040believing\040in\040Jesus}{section.3}% 28
\BOOKMARK [2][-]{subsection.3.4}{Born\040of\040God}{section.3}% 29
\BOOKMARK [3][-]{subsubsection.3.4.1}{We\040put\040away\040the\040false\040gods,\040and\040only\040worship\040the\040One\040True\040God:\040Jehovah,\040and\040Jesus\040Christ\040who\040He\040sent}{subsection.3.4}% 30
\BOOKMARK [3][-]{subsubsection.3.4.2}{Peter\040initially\040protested,\040but\040then\040came\040to\040trust\040Jesus\040and\040have\040a\040"share\040with\040Jesus"}{subsection.3.4}% 31
\BOOKMARK [3][-]{subsubsection.3.4.3}{Jesus\040created\040disciples\040of\040Himself}{subsection.3.4}% 32
\BOOKMARK [3][-]{subsubsection.3.4.4}{Forgiveness\040through\040love,\040through\040obedience\040to\040Jesus}{subsection.3.4}% 33
\BOOKMARK [3][-]{subsubsection.3.4.5}{Everyone\040who\040is\040actively\040and\040actually\040believing\040that\040Jesus\040is\040the\040Christ\040has\040been\040born\040of\040God}{subsection.3.4}% 34
\BOOKMARK [3][-]{subsubsection.3.4.6}{Whoever\040loves\040with\040Christ's\040love\040has\040been\040born\040of\040God\040and\040knows\040God}{subsection.3.4}% 35
\BOOKMARK [2][-]{subsection.3.5}{A\040person\040who\040is\040really\040believing\040in\040Jesus\040will\040do\040the\040works\040of\040Jesus\040-\040they'll\040produce\040good\040works}{section.3}% 36
\BOOKMARK [3][-]{subsubsection.3.5.1}{Receiving\040the\040inheritance\040naturally\040comes\040after\040hearing\040the\040word\040of\040truth\040and\040believing\040in\040Jesus}{subsection.3.5}% 37
\BOOKMARK [2][-]{subsection.3.6}{Further\040repentance\040from\040sin\040and\040to\040come\040to\040love\040in\040the\040way\040that\040Jesus\040did\040is\040an\040inevitable\040consequence\040of\040being\040born\040of\040God\040i.e.\040truly\040believing\040in\040Jesus}{section.3}% 38
\BOOKMARK [2][-]{subsection.3.7}{Knowing\040God\040by\040obeying\040Jesus\040and\040loving\040with\040Christ's\040love\040implies\040you\040have\040at\040some\040stage\040been\040born\040of\040God}{section.3}% 39
\BOOKMARK [2][-]{subsection.3.8}{Obedience\040lead\040to\040belief\040which\040leads\040to\040obedience\040\(loving\040with\040Christ's\040love\040with\040the\040help\040of\040God's\040spirit\)\040which\040leads\040to\040overcoming\040the\040world}{section.3}% 40
\BOOKMARK [2][-]{subsection.3.9}{We\040overcome\040the\040world\040with\040a\040new\040spirit\040God\040has\040given\040us\040to\040wait\040and\040trust\040on\040Him\040and\040obey\040Him}{section.3}% 41
\BOOKMARK [3][-]{subsubsection.3.9.1}{Marriage\040should\040not\040become\040idolatry}{subsection.3.9}% 42
\BOOKMARK [2][-]{subsection.3.10}{Come\040to\040love\040God,\040loving\040Jesus\040and\040keeping\040Jesus'\040word,\040be\040known\040by\040God,\040be\040brought\040to\040God\040and\040come\040to\040know\040God}{section.3}% 43
\BOOKMARK [3][-]{subsubsection.3.10.1}{The\040freedom\040of\040knowledge\040of\040the\040truth\040involves\040serving\040and\040obeying\040God\040and\040putting\040sin\040to\040death}{subsection.3.10}% 44
\BOOKMARK [2][-]{subsection.3.11}{Follow\040Jesus\040to\040be\040brought\040to\040God,\040arrive\040at\040the\040knowledge\040of\040the\040Truth\040and\040don't\040go\040on\040sinning}{section.3}% 45
\BOOKMARK [2][-]{subsection.3.12}{The\040importance\040of\040loving\040one\040another}{section.3}% 46
\BOOKMARK [2][-]{subsection.3.13}{The\040gospel,\040baptism\040and\040faith\040alone\040and\040receiving\040the\040Holy\040Spirit}{section.3}% 47
\BOOKMARK [3][-]{subsubsection.3.13.1}{The\040gospel}{subsection.3.13}% 48
\BOOKMARK [3][-]{subsubsection.3.13.2}{Scriptures\040supporting\040faith\040without\040/\040before\040baptism,\040for\040example}{subsection.3.13}% 49
\BOOKMARK [3][-]{subsubsection.3.13.3}{Keep\040in\040mind,\040this\040is\040the\040same\040Peter\040referred\040to}{subsection.3.13}% 50
\BOOKMARK [3][-]{subsubsection.3.13.4}{Received\040the\040Holy\040Spirit\040with\040the\040laying\040of\040hands}{subsection.3.13}% 51
\BOOKMARK [2][-]{subsection.3.14}{Receiving\040the\040Holy\040Spirit}{section.3}% 52
\BOOKMARK [3][-]{subsubsection.3.14.1}{Water\040baptism\040as\040an\040appeal\040to\040God}{subsection.3.14}% 53
\BOOKMARK [3][-]{subsubsection.3.14.2}{We\040need\040are\040sealed\040with\040the\040Holy\040Spirit\040through\040accepting\040the\040truth\040of\040the\040good\040news\040of\040Jesus\040and\040God's\040Living\040Word\040works\040in\040us\040to\040save\040us}{subsection.3.14}% 54
\BOOKMARK [3][-]{subsubsection.3.14.3}{We\040need\040to\040be\040born-again\040and\040we\040want\040to\040be\040filled\040with\040and\040baptised\040by\040the\040Holy\040Spirit}{subsection.3.14}% 55
\BOOKMARK [3][-]{subsubsection.3.14.4}{The\040Holy\040Spirit\040may\040teach\040us\040even\040before\040He\040is\040in\040us,\040by\040helping\040us\040as\040He\040dwells\040with\040us}{subsection.3.14}% 56
\BOOKMARK [2][-]{subsection.3.15}{Our\040will\040should\040be\040for\040God's\040will\040to\040be\040done,\040and\040to\040will\040to\040do\040God's\040will}{section.3}% 57
\BOOKMARK [3][-]{subsubsection.3.15.1}{Being\040filled\040with\040the\040Holy\040Spirit}{subsection.3.15}% 58
\BOOKMARK [2][-]{subsection.3.16}{In\040God's\040mercy,\040we\040come\040to\040obedient\040faith\040and\040come\040into\040Christ\040Jesus}{section.3}% 59
\BOOKMARK [3][-]{subsubsection.3.16.1}{In\040Christ\040Jesus,\040the\040blood\040of\040Jesus\040cleanses\040us\040from\040all\040sin}{subsection.3.16}% 60
\BOOKMARK [2][-]{subsection.3.17}{Obedience\040is\040absolutely\040within\040our\040ability}{section.3}% 61
\BOOKMARK [3][-]{subsubsection.3.17.1}{Observing\040Jesus,\040continuing\040to\040believe\040in\040Him\040and\040believe\040His\040words\040and\040abide\040in\040His\040word,\040we\040will\040live\040forever}{subsection.3.17}% 62
\BOOKMARK [3][-]{subsubsection.3.17.2}{We\040are\040saved\040by\040grace\040through\040faith\040in\040Jesus\040Christ}{subsection.3.17}% 63
\BOOKMARK [3][-]{subsubsection.3.17.3}{We\040become\040obedient\040to\040Jesus}{subsection.3.17}% 64
\BOOKMARK [3][-]{subsubsection.3.17.4}{There's\040some\040bonuses\040to\040suffering\040for\040Christ's\040sake\040and\040for\040endurance}{subsection.3.17}% 65
\BOOKMARK [3][-]{subsubsection.3.17.5}{Eternal\040life\040and\040salvation\040is\040a\040gift\040received\040through\040faith\040and\040obedience\040to\040God}{subsection.3.17}% 66
\BOOKMARK [3][-]{subsubsection.3.17.6}{Propitiation}{subsection.3.17}% 67
\BOOKMARK [3][-]{subsubsection.3.17.7}{Faith\040in\040the\040blood\040of\040Jesus}{subsection.3.17}% 68
\BOOKMARK [3][-]{subsubsection.3.17.8}{Being\040saved\040by\040faith\040in\040Jesus'\040blood}{subsection.3.17}% 69
\BOOKMARK [3][-]{subsubsection.3.17.9}{Encouragement\040from\040the\040Bible}{subsection.3.17}% 70
\BOOKMARK [2][-]{subsection.3.18}{Treasuring\040anything\040else\040more\040than\040God\040is\040sin}{section.3}% 71
\BOOKMARK [3][-]{subsubsection.3.18.1}{Eschatology}{subsection.3.18}% 72
\BOOKMARK [3][-]{subsubsection.3.18.2}{Satan's\040plan\040exposed,\040explained,\040extinguished}{subsection.3.18}% 73
\BOOKMARK [3][-]{subsubsection.3.18.3}{The\040arrival\040of\040the\040kingdom\040of\040God}{subsection.3.18}% 74
\BOOKMARK [3][-]{subsubsection.3.18.4}{How\040we\040should\040act\040how\040we're\040instructed\040to\040act\040while\040awaiting\040the\040Lord's\040return}{subsection.3.18}% 75
\BOOKMARK [3][-]{subsubsection.3.18.5}{As\040Christians,\040we've\040got\040to\040repent\040of\040evil\040deeds\040and\040keep\040Jesus'\040works\040-\040keep\040imitating\040Christ,\040even\040in\040holiness}{subsection.3.18}% 76
\BOOKMARK [3][-]{subsubsection.3.18.6}{We\040absolutely\040cling\040to\040Jesus\040as\040well}{subsection.3.18}% 77
\BOOKMARK [2][-]{subsection.3.19}{Disobedience\040towards\040God\040is\040sin.\040Treasuring\040anything\040else\040more\040than\040God\040is\040sin}{section.3}% 78
\BOOKMARK [2][-]{subsection.3.20}{God\040makes\040us\040born-again,\040so\040we\040can\040love\040Him,\040obediently}{section.3}% 79
\BOOKMARK [3][-]{subsubsection.3.20.1}{The\040Christian\040life\040is\040both\040gift\040and\040duty}{subsection.3.20}% 80
\BOOKMARK [3][-]{subsubsection.3.20.2}{Jesus'\040obedience}{subsection.3.20}% 81
\BOOKMARK [3][-]{subsubsection.3.20.3}{Our\040following\040His\040example}{subsection.3.20}% 82
\BOOKMARK [3][-]{subsubsection.3.20.4}{God\040working\040in\040us}{subsection.3.20}% 83
\BOOKMARK [3][-]{subsubsection.3.20.5}{God\040acts\040for\040those\040who\040wait\040for\040Him}{subsection.3.20}% 84
\BOOKMARK [3][-]{subsubsection.3.20.6}{The\040free\040gift\040is\040God\040-\040God\040is\040the\040Gospel}{subsection.3.20}% 85
\BOOKMARK [3][-]{subsubsection.3.20.7}{God\040the\040justifier\040of\040the\040one\040who\040has\040faith\040in\040Jesus\040-\040the\040righteousness\040of\040God\040apart\040from\040the\040law\040is\040received\040by\040faith}{subsection.3.20}% 86
\BOOKMARK [3][-]{subsubsection.3.20.8}{The\040point\040of\040justification\040-\040we\040rejoice\040in\040the\040hope\040of\040the\040glory\040of\040God,\040and\040we\040are\040transformed}{subsection.3.20}% 87
\BOOKMARK [3][-]{subsubsection.3.20.9}{Why\040do\040we\040want\040to\040live\040righteously?\040To\040honour\040Christ}{subsection.3.20}% 88
\BOOKMARK [2][-]{subsection.3.21}{Saved\040not\040by\040my\040own\040works\040done\040outside\040of\040Him\040but\040by\040His\040work}{section.3}% 89
\BOOKMARK [3][-]{subsubsection.3.21.1}{Under\040the\040right\040conditions,\040I\040don't\040see\040a\040problem\040with\040'working'\040for\040God}{subsection.3.21}% 90
\BOOKMARK [2][-]{subsection.3.22}{Eternal\040security\040for\040those\040who\040follow\040Jesus}{section.3}% 91
\BOOKMARK [2][-]{subsection.3.23}{Assurance\040of\040salvation}{section.3}% 92
\BOOKMARK [2][-]{subsection.3.24}{Some\040indicators\040to\040know\040for\040sure\040you\040are\040saved}{section.3}% 93
\BOOKMARK [3][-]{subsubsection.3.24.1}{By\040the\040Spirit\040Jesus\040has\040given\040us}{subsection.3.24}% 94
\BOOKMARK [2][-]{subsection.3.25}{Indicators\040that\040we\040are\040of\040the\040truth}{section.3}% 95
\BOOKMARK [1][-]{section.4}{Following\040Jesus}{}% 96
\BOOKMARK [2][-]{subsection.4.1}{Being\040led\040by\040the\040Spirit\040is\040not\040license\040to\040sin}{section.4}% 97
\BOOKMARK [2][-]{subsection.4.2}{Walk\040by\040the\040Spirit\040=\040Obey\040Jesus\040=\040Led\040by\040the\040Spirit\040=\040Walk\040in\040the\040light\040as\040He\040is\040in\040the\040light}{section.4}% 98
\BOOKMARK [3][-]{subsubsection.4.2.1}{The\040light}{subsection.4.2}% 99
\BOOKMARK [3][-]{subsubsection.4.2.2}{God\040loved\040us\040first,\040and\040forgave\040us\040first}{subsection.4.2}% 100
\BOOKMARK [3][-]{subsubsection.4.2.3}{God's\040kindness\040is\040meant\040to\040lead\040us\040to\040repentance\040from\040sin}{subsection.4.2}% 101
\BOOKMARK [3][-]{subsubsection.4.2.4}{Subsequent\040behaviour\040-\040the\040Golden\040Rule\040and\040the\040Royal\040Law,\040faith\040working\040through\040love}{subsection.4.2}% 102
\BOOKMARK [3][-]{subsubsection.4.2.5}{God's\040name\040must\040be\040hallowed.\040We\040should\040not\040take\040it\040in\040vain}{subsection.4.2}% 103
\BOOKMARK [3][-]{subsubsection.4.2.6}{Christ-like\040humility}{subsection.4.2}% 104
\BOOKMARK [3][-]{subsubsection.4.2.7}{Anti-christ-like\040behaviour}{subsection.4.2}% 105
\BOOKMARK [3][-]{subsubsection.4.2.8}{Islam}{subsection.4.2}% 106
\BOOKMARK [3][-]{subsubsection.4.2.9}{The\040spirit\040of\040antichrist\040behind\040Islam}{subsection.4.2}% 107
\BOOKMARK [3][-]{subsubsection.4.2.10}{We\040should\040welcome\040people\040who\040hear\040Jesus'\040words\040and\040want\040to\040learn\040how\040to\040follow\040Jesus,\040and\040we\040should\040give\040them\040Jesus'\040words}{subsection.4.2}% 108
\BOOKMARK [3][-]{subsubsection.4.2.11}{God\040definitely\040disciplines\040us\040even\040if\040we\040love\040Jesus\040-\040every\040son\040he\040receives}{subsection.4.2}% 109
\BOOKMARK [3][-]{subsubsection.4.2.12}{Christians\040should\040live\040fulfilling\040the\040Royal\040Law}{subsection.4.2}% 110
\BOOKMARK [3][-]{subsubsection.4.2.13}{Fulfilling\040Christ's\040law\040is\040the\040least\040we\040can\040endeavour\040to\040do\040as\040an\040appropriate\040response\040of\040love\040for\040Jesus,\040Jesus\040having\040fulfilled\040the\040entire\040law\040and\040prophets}{subsection.4.2}% 111
\BOOKMARK [2][-]{subsection.4.3}{Following\040Jesus\040is\040the\040way\040of\040righteousness}{section.4}% 112
\BOOKMARK [3][-]{subsubsection.4.3.1}{Separate\040yourself\040from\040unrepentant\040sinners}{subsection.4.3}% 113
\BOOKMARK [2][-]{subsection.4.4}{God\040endured\040the\040cross\040that\040we\040can\040carry\040our\040crosses\040without\040getting\040weary\040or\040fainthearted}{section.4}% 114
\BOOKMARK [2][-]{subsection.4.5}{Like\040a\040soldier\040under\040authority,\040waiting\040for\040God\040to\040act\040is\040not\040passive}{section.4}% 115
\BOOKMARK [2][-]{subsection.4.6}{Obey\040the\040Truth,\040obey\040Jesus.\040Serve\040one\040another\040through\040love}{section.4}% 116
\BOOKMARK [3][-]{subsubsection.4.6.1}{Jesus\040Christ\040is\040Jehovah,\040the\040Son\040of\040God}{subsection.4.6}% 117
\BOOKMARK [3][-]{subsubsection.4.6.2}{You\040cannot\040serve\040God,\040and\040also\040be\040yoked\040to\040money}{subsection.4.6}% 118
\BOOKMARK [3][-]{subsubsection.4.6.3}{Make\040friends\040with\040charity\040while\040money\040hasn't\040yet\040failed}{subsection.4.6}% 119
\BOOKMARK [3][-]{subsubsection.4.6.4}{In\040this\040world\040God\040can\040see\040if\040we\040are\040to\040be\040trusted\040with\040true\040heavenly\040wealth\040by\040seeing\040how\040we\040used\040our\040money}{subsection.4.6}% 120
\BOOKMARK [3][-]{subsubsection.4.6.5}{We\040must\040actually\040make\040following\040Jesus\040a\040reality\040to\040take\040hold\040of\040the\040eternal\040life\040to\040which\040we\040are\040called}{subsection.4.6}% 121
\BOOKMARK [1][-]{section.5}{Great\040commission}{}% 122
\BOOKMARK [2][-]{subsection.5.1}{Even\040the\040Old\040Testament\040makes\040a\040person\040wise\040for\040salvation\040through\040faith\040in\040Christ\040Jesus:}{section.5}% 123
\BOOKMARK [2][-]{subsection.5.2}{Jesus}{section.5}% 124
\BOOKMARK [2][-]{subsection.5.3}{Belief}{section.5}% 125
\BOOKMARK [2][-]{subsection.5.4}{Fun\040acronyms}{section.5}% 126
\BOOKMARK [3][-]{subsubsection.5.4.1}{A\040H.A.N.D.S.\040Approach\040to\040Showing\040Jesus\040is\040God}{subsection.5.4}% 127
\BOOKMARK [2][-]{subsection.5.5}{Our\040obedient\040faith\040should\040be\040penitent,\040and\040should\040be\040without\040partiality.\040We\040aim\040for\040perfection,\040to\040be\040conformed\040to\040Christ's\040image}{section.5}% 128
\BOOKMARK [3][-]{subsubsection.5.5.1}{Faith\040is\040not\040merely\040belief,\040but\040faith\040is\040walking\040as\040Abraham\040did\040-\040believing\040and\040obedient}{subsection.5.5}% 129
\BOOKMARK [3][-]{subsubsection.5.5.2}{Joy\040and\040obedience\040-\040we\040want\040both\040of\040them\040at\040the\040same\040time}{subsection.5.5}% 130
\BOOKMARK [3][-]{subsubsection.5.5.3}{We\040are\040bought\040with\040the\040precious\040blood\040of\040Christ\040and\040we\040should\040be\040obedient\040to\040God}{subsection.5.5}% 131
\BOOKMARK [3][-]{subsubsection.5.5.4}{Eternal\040salvation\040goes\040to\040those\040who\040obey\040Him}{subsection.5.5}% 132
\BOOKMARK [3][-]{subsubsection.5.5.5}{Praying\040to\040Father\040God\040in\040the\040Holy\040Spirit\040in\040Jesus'\040name}{subsection.5.5}% 133
\BOOKMARK [3][-]{subsubsection.5.5.6}{Faith\040in\040Jesus\040Christ's\040name\040to\040be\040saved}{subsection.5.5}% 134
\BOOKMARK [2][-]{subsection.5.6}{By\040God's\040grace\040God\040has\040saved\040us\040and\040provided\040us\040with\040a\040means\040to\040be\040reconciled\040to\040Him\040through\040trusting\040faith\040in\040Him}{section.5}% 135
\BOOKMARK [2][-]{subsection.5.7}{Grace}{section.5}% 136
\BOOKMARK [3][-]{subsubsection.5.7.1}{Grace\040teaches\040us\040to\040deny\040ungodliness}{subsection.5.7}% 137
\BOOKMARK [3][-]{subsubsection.5.7.2}{By\040the\040blood\040of\040Jesus}{subsection.5.7}% 138
\BOOKMARK [3][-]{subsubsection.5.7.3}{We\040should\040not\040pervert\040grace\040into\040something\040which\040is\040disobedient\040to\040God}{subsection.5.7}% 139
\BOOKMARK [3][-]{subsubsection.5.7.4}{God\040works\040in\040us\040by\040His\040transforming\040grace\040as\040we\040work}{subsection.5.7}% 140
\BOOKMARK [3][-]{subsubsection.5.7.5}{Disciplined\040to\040look\040like\040a\040child\040of\040God,\040an\040analogy}{subsection.5.7}% 141
\BOOKMARK [2][-]{subsection.5.8}{Receiving\040Jesus}{section.5}% 142
\BOOKMARK [3][-]{subsubsection.5.8.1}{Receiving\040Jesus\040may\040be\040as\040easy\040as\040receiving\040the\040one\040who\040He\040sends,\040or\040receiving\040a\040child\040in\040His\040name}{subsection.5.8}% 143
\BOOKMARK [3][-]{subsubsection.5.8.2}{Receive\040Jesus\040and\040His\040words,\040and\040then\040put\040to\040death\040the\040deeds\040of\040the\040body}{subsection.5.8}% 144
\BOOKMARK [3][-]{subsubsection.5.8.3}{God\040through\040His\040mercy\040saves\040us.\040We\040should\040respond\040well}{subsection.5.8}% 145
\BOOKMARK [3][-]{subsubsection.5.8.4}{Those\040who\040have\040a\040heart\040of\040faith\040towards\040Him\040\(and\040anyone\040who\040He\040wills\)\040may\040receive\040forgiveness\040of\040sins\040through\040his\040name}{subsection.5.8}% 146
\BOOKMARK [2][-]{subsection.5.9}{I\040believe\040that\040a\040loving,\040trusting\040\(\040believing\040and\040obedient\040\)\040heart\040for\040Jesus\040Christ\040is\040essential\040for\040permanent\040abiding\040in\040Him}{section.5}% 147
\BOOKMARK [3][-]{subsubsection.5.9.1}{The\040Holy\040Spirit\040is\040the\040living\040water}{subsection.5.9}% 148
\BOOKMARK [3][-]{subsubsection.5.9.2}{Trusting\040belief\040\(through\040grace\)\040leads\040to\040continued\040obedience,\040which\040leads\040to\040knowledge\040of\040the\040Truth}{subsection.5.9}% 149
\BOOKMARK [3][-]{subsubsection.5.9.3}{As\040we\040come\040to\040Jesus,\040we\040are\040conformed\040to\040His\040image}{subsection.5.9}% 150
\BOOKMARK [3][-]{subsubsection.5.9.4}{Peter\040was\040quick\040to\040belief,\040and\040his\040belief\040led\040to\040obedience}{subsection.5.9}% 151
\BOOKMARK [3][-]{subsubsection.5.9.5}{Thomas\040was\040following\040Jesus\040around\040for\040a\040long\040time\040and\040was\040slow\040to\040belief,\040but\040arrived}{subsection.5.9}% 152
\BOOKMARK [3][-]{subsubsection.5.9.6}{Believing\040Jesus}{subsection.5.9}% 153
\BOOKMARK [3][-]{subsubsection.5.9.7}{Believing\040Jesus,\040we\040have\040the\040right\040to\040become\040a\040child\040of\040God}{subsection.5.9}% 154
\BOOKMARK [3][-]{subsubsection.5.9.8}{My\040understanding\040of\040repentance}{subsection.5.9}% 155
\BOOKMARK [3][-]{subsubsection.5.9.9}{We\040must\040have\040a\040changed\040heart,\040which\040longs\040to\040serve\040the\040living\040God,\040to\040be\040a\040bondservant\040of\040Jesus.\040AMEN!!}{subsection.5.9}% 156
\BOOKMARK [3][-]{subsubsection.5.9.10}{Trusting\040God,\040we\040must\040serve\040God\040through\040serving\040Christ\040to\040have\040the\040light\040of\040life}{subsection.5.9}% 157
\BOOKMARK [3][-]{subsubsection.5.9.11}{Examples\040of\040obedience\040without\040'works'}{subsection.5.9}% 158
\BOOKMARK [3][-]{subsubsection.5.9.12}{Doing\040the\040will\040of\040God\040from\040the\040heart}{subsection.5.9}% 159
\BOOKMARK [3][-]{subsubsection.5.9.13}{Work\040may\040be\040burned\040up,\040and\040the\040person\040who\040has\040a\040believing\040and\040obedient\040heart\040is\040still\040saved}{subsection.5.9}% 160
\BOOKMARK [3][-]{subsubsection.5.9.14}{Forever\040abiding\040is\040believing\040and\040being\040a\040disciple,\040a\040servant}{subsection.5.9}% 161
\BOOKMARK [2][-]{subsection.5.10}{God\040opens\040the\040eyes\040to\040see\040the\040light\040of\040the\040gospel}{section.5}% 162
\BOOKMARK [2][-]{subsection.5.11}{Gospel}{section.5}% 163
\BOOKMARK [3][-]{subsubsection.5.11.1}{Living\040a\040godly\040life\040in\040Christ\040Jesus\040is\040part\040of\040the\040gospel}{subsection.5.11}% 164
\BOOKMARK [3][-]{subsubsection.5.11.2}{Faith\040is\040disqualified\040in\040people\040who\040disregard\040the\040teachings\040-\040they\040never\040arrive\040at\040the\040knowledge\040of\040the\040truth}{subsection.5.11}% 165
\BOOKMARK [2][-]{subsection.5.12}{Be\040a\040disciple\040of\040Jesus\040to\040be\040set\040free\040and\040abide\040forever}{section.5}% 166
\BOOKMARK [3][-]{subsubsection.5.12.1}{The\040high\040cost\040of\040following\040Christ}{subsection.5.12}% 167
\BOOKMARK [3][-]{subsubsection.5.12.2}{Give\040our\040mind\040to\040Christ}{subsection.5.12}% 168
\BOOKMARK [2][-]{subsection.5.13}{The\040free\040gift\040of\040salvation\040is\040to\040be\040set\040free\040from\040sin\040to\040be\040a\040slave\040of\040righteousness}{section.5}% 169
\BOOKMARK [3][-]{subsubsection.5.13.1}{Receiving\040the\040Holy\040Spirit}{subsection.5.13}% 170
\BOOKMARK [2][-]{subsection.5.14}{The\040work\040of\040the\040Holy\040Spirit}{section.5}% 171
\BOOKMARK [3][-]{subsubsection.5.14.1}{The\040Holy\040Spirit\040may\040teach\040us\040even\040before\040He\040is\040in\040us,\040by\040helping\040us\040as\040He\040dwells\040with\040us}{subsection.5.14}% 172
\BOOKMARK [3][-]{subsubsection.5.14.2}{Teaching\040us,\040leading\040us\040into\040the\040Truth}{subsection.5.14}% 173
\BOOKMARK [3][-]{subsubsection.5.14.3}{The\040fruit\040of\040the\040Spirit}{subsection.5.14}% 174
\BOOKMARK [2][-]{subsection.5.15}{Becoming\040a\040servant,\040humbling\040oneself\040and\040following\040Jesus\040is\040what\040we\040should\040do}{section.5}% 175
\BOOKMARK [2][-]{subsection.5.16}{I\040believe\040that\040I\040should\040try\040as\040hard\040as\040I\040can\040to\040enter\040via\040the\040narrow\040gate}{section.5}% 176
\BOOKMARK [3][-]{subsubsection.5.16.1}{Narrow\040is\040the\040gate\040and\040hard\040is\040the\040way\040that\040leads\040to\040life}{subsection.5.16}% 177
\BOOKMARK [3][-]{subsubsection.5.16.2}{Wide\040gate}{subsection.5.16}% 178
\BOOKMARK [3][-]{subsubsection.5.16.3}{Obedience\040to\040Jesus\040has\040everything\040to\040do\040with\040receiving\040Him,\040and\040receiving\040Salvation}{subsection.5.16}% 179
\BOOKMARK [3][-]{subsubsection.5.16.4}{Disobedience}{subsection.5.16}% 180
\BOOKMARK [3][-]{subsubsection.5.16.5}{The\040way\040is\040easy\040that\040leads\040to\040destruction}{subsection.5.16}% 181
\BOOKMARK [3][-]{subsubsection.5.16.6}{Narrow\040gate}{subsection.5.16}% 182
\BOOKMARK [3][-]{subsubsection.5.16.7}{The\040narrow\040gate\040vitally\040requires\040submitting\040to\040God's\040righteousness.\040We\040need\040God's\040forgiveness\040and\040His\040justification\040that\040comes\040through\040faith}{subsection.5.16}% 183
\BOOKMARK [3][-]{subsubsection.5.16.8}{We\040have\040to\040receive\040the\040Kingdom\040like\040a\040child.\040Don't\040resist\040Jesus\040or\040His\040teachings\040-\040follow\040Jesus}{subsection.5.16}% 184
\BOOKMARK [3][-]{subsubsection.5.16.9}{We\040have\040to\040believe\040in\040and\040obey\040Jesus.\040We\040all\040fall\040short\040but\040we\040still\040must\040have\040faith\040in\040Jesus}{subsection.5.16}% 185
\BOOKMARK [3][-]{subsubsection.5.16.10}{All\040judgement\040has\040been\040given\040to\040Jesus}{subsection.5.16}% 186
\BOOKMARK [3][-]{subsubsection.5.16.11}{The\040gospel\040has\040to\040be\040obeyed}{subsection.5.16}% 187
\BOOKMARK [3][-]{subsubsection.5.16.12}{God\040will\040be\040the\040judge\040of\040who\040has\040had\040faith\040in\040Jesus,\040and\040who\040has\040obeyed\040Him.\040I\040wouldn't\040take\040obedience\040lightly}{subsection.5.16}% 188
\BOOKMARK [3][-]{subsubsection.5.16.13}{Jesus\040was\040extremely\040humble\040here.\040Likewise,\040we\040should\040be\040able\040to\040recognise\040that\040we\040need\040Him\040as\040our\040Lord\040looking\040over\040us}{subsection.5.16}% 189
\BOOKMARK [3][-]{subsubsection.5.16.14}{Let\040us\040serve\040Jesus\040Christ\040in\040truth,\040and\040have\040confidence}{subsection.5.16}% 190
\BOOKMARK [3][-]{subsubsection.5.16.15}{We\040must\040recognise\040that\040where\040our\040efforts\040to\040obey\040falls\040short,\040Jesus's\040blood\040covers\040us.\040But\040we\040must\040still\040have\040the\040heart\040to\040make\040Jesus\040our\040Lord\040and\040King,\040and\040be\040following\040Him}{subsection.5.16}% 191
\BOOKMARK [3][-]{subsubsection.5.16.16}{Do\040not\040condemn\040others.\040Speak\040the\040truth\040and\040leave\040judgement\040to\040the\040Judge}{subsection.5.16}% 192
\BOOKMARK [3][-]{subsubsection.5.16.17}{Jesus\040Christ\040is\040the\040word\040of\040life,\040Jesus\040Christ\040is\040the\040eternal\040life}{subsection.5.16}% 193
\BOOKMARK [3][-]{subsubsection.5.16.18}{Simply\040tell\040the\040truth\040from\040God.\040We\040must\040not\040reject\040Jesus}{subsection.5.16}% 194
\BOOKMARK [3][-]{subsubsection.5.16.19}{Jesus\040is\040Almighty\040God's\040Son\040and\040is\040sitting\040in\040Power\040next\040to\040His\040Father}{subsection.5.16}% 195
\BOOKMARK [3][-]{subsubsection.5.16.20}{Faith\040and\040law-keeping\040as\040a\040Christian}{subsection.5.16}% 196
\BOOKMARK [1][-]{section.6}{Jehovah\040is\040Almighty\040God,\040Creator\040of\040Heaven\040and\040Earth}{}% 197
\BOOKMARK [2][-]{subsection.6.1}{Seven\040I\040AM\040statements\040in\040the\040Gospel\040of\040John}{section.6}% 198
\BOOKMARK [3][-]{subsubsection.6.1.1}{The\040Bread\040of\040Life}{subsection.6.1}% 199
\BOOKMARK [3][-]{subsubsection.6.1.2}{The\040Light\040of\040the\040World}{subsection.6.1}% 200
\BOOKMARK [3][-]{subsubsection.6.1.3}{The\040Door}{subsection.6.1}% 201
\BOOKMARK [3][-]{subsubsection.6.1.4}{The\040Good\040Shepherd}{subsection.6.1}% 202
\BOOKMARK [3][-]{subsubsection.6.1.5}{The\040Resurrection\040and\040the\040Life}{subsection.6.1}% 203
\BOOKMARK [3][-]{subsubsection.6.1.6}{The\040Way,\040the\040Truth\040and\040the\040Life}{subsection.6.1}% 204
\BOOKMARK [3][-]{subsubsection.6.1.7}{The\040True\040Vine}{subsection.6.1}% 205
\BOOKMARK [2][-]{subsection.6.2}{Jesus}{section.6}% 206
\BOOKMARK [3][-]{subsubsection.6.2.1}{Jesus\040has\040overcome\040the\040world}{subsection.6.2}% 207
\BOOKMARK [3][-]{subsubsection.6.2.2}{Jesus\040is\040the\040Lamb\040of\040God\040who\040sits\040with\040God\040on\040God's\040throne}{subsection.6.2}% 208
\BOOKMARK [3][-]{subsubsection.6.2.3}{Follow\040Jesus\040for\040eternal\040life.\040Jesus\040is\040the\040Bread\040of\040Life}{subsection.6.2}% 209
\BOOKMARK [3][-]{subsubsection.6.2.4}{Believe\040Jesus\040and\040allow\040His\040word\040to\040abide\040in\040you}{subsection.6.2}% 210
\BOOKMARK [3][-]{subsubsection.6.2.5}{We\040are\040implored\040to\040love\040Jesus\040and\040follow\040Him}{subsection.6.2}% 211
\BOOKMARK [3][-]{subsubsection.6.2.6}{We\040must\040listen\040to\040Jesus}{subsection.6.2}% 212
\BOOKMARK [3][-]{subsubsection.6.2.7}{We\040are\040implored\040to\040honour\040Jesus}{subsection.6.2}% 213
\BOOKMARK [3][-]{subsubsection.6.2.8}{We\040are\040implored\040to\040keep\040Jesus'\040words}{subsection.6.2}% 214
\BOOKMARK [3][-]{subsubsection.6.2.9}{We\040must\040receive\040Jesus.\040Jesus\040is\040God's\040Only-Begotten\040Son}{subsection.6.2}% 215
\BOOKMARK [3][-]{subsubsection.6.2.10}{Even\040those\040who\040have\040faith\040in\040Jesus\040Christ's\040name\040may\040have\040the\040right\040to\040be\040born\040of\040God\040and\040become\040children\040of\040God}{subsection.6.2}% 216
\BOOKMARK [3][-]{subsubsection.6.2.11}{We\040must\040do\040the\040will\040of\040God,\040which\040is\040the\040food\040and\040drink\040which\040Jesus\040gives\040us}{subsection.6.2}% 217
\BOOKMARK [3][-]{subsubsection.6.2.12}{Having\040faith\040\(living\040in\040accordance\040with\040the\040truth,\040and\040in\040relationship\040with\040God\)\040is\040asked\040of\040us\040-\040faith\040continues}{subsection.6.2}% 218
\BOOKMARK [3][-]{subsubsection.6.2.13}{We\040must\040abide\040by\040his\040teaching}{subsection.6.2}% 219
\BOOKMARK [3][-]{subsubsection.6.2.14}{We\040must\040live\040sowing\040to\040the\040Spirit}{subsection.6.2}% 220
\BOOKMARK [3][-]{subsubsection.6.2.15}{We\040must\040be\040servants\040of\040Christ}{subsection.6.2}% 221
\BOOKMARK [3][-]{subsubsection.6.2.16}{We\040must\040remain\040ultimately\040faithful\040to\040Jesus\040Christ,\040and\040never\040deny\040Him\040as\040our\040only\040Master\040and\040Lord}{subsection.6.2}% 222
\BOOKMARK [3][-]{subsubsection.6.2.17}{We\040must\040endeavour\040to\040live\040faithfully\040to\040our\040Jesus\040Christ}{subsection.6.2}% 223
\BOOKMARK [3][-]{subsubsection.6.2.18}{Christian\040faith\040looks\040like\040this}{subsection.6.2}% 224
\BOOKMARK [3][-]{subsubsection.6.2.19}{We\040should\040clean\040ourselves\040with\040the\040aid\040of\040the\040Word\040and\040the\040Holy\040Spirit}{subsection.6.2}% 225
\BOOKMARK [3][-]{subsubsection.6.2.20}{We\040must\040clean\040ourselves\040up\040with\040God's\040help}{subsection.6.2}% 226
\BOOKMARK [3][-]{subsubsection.6.2.21}{We\040must\040be\040wanting\040to\040be\040cleaned\040of\040sin}{subsection.6.2}% 227
\BOOKMARK [3][-]{subsubsection.6.2.22}{We\040should\040put\040the\040ignorant\040to\040silence\040through\040doing\040good}{subsection.6.2}% 228
\BOOKMARK [3][-]{subsubsection.6.2.23}{The\040obedient\040children\040are\040the\040ones\040who\040are\040not\040conformed\040to\040the\040passions\040of\040our\040former\040ignorance}{subsection.6.2}% 229
\BOOKMARK [3][-]{subsubsection.6.2.24}{The\040sons\040of\040disobedience\040are\040the\040ones\040who\040are\040conformed\040to\040sexual\040immorality,\040impurity,\040or\040covetousness,\040etc.}{subsection.6.2}% 230
\BOOKMARK [3][-]{subsubsection.6.2.25}{If\040we\040trust\040in\040the\040name\040of\040the\040Son\040of\040God,\040Jesus\040Christ,\040we\040have\040eternal\040life}{subsection.6.2}% 231
\BOOKMARK [3][-]{subsubsection.6.2.26}{Get\040to\040know\040Jesus\040by\040believing\040Him\040and\040following\040His\040commandments}{subsection.6.2}% 232
\BOOKMARK [3][-]{subsubsection.6.2.27}{Atonement}{subsection.6.2}% 233
\BOOKMARK [3][-]{subsubsection.6.2.28}{Everyone\040needs\040saving}{subsection.6.2}% 234
\BOOKMARK [3][-]{subsubsection.6.2.29}{Righteous\040deeds}{subsection.6.2}% 235
\BOOKMARK [3][-]{subsubsection.6.2.30}{Whoever\040makes\040an\040appeal\040to\040God,\040calls\040upon\040His\040name\040will\040be\040saved}{subsection.6.2}% 236
\BOOKMARK [3][-]{subsubsection.6.2.31}{Baptism\040is\040an\040appeal\040to\040God\040for\040a\040good\040conscience\040through\040the\040[death\040and]\040resurrection\040of\040Jesus\040Christ's,\040taking\040part\040in\040it}{subsection.6.2}% 237
\BOOKMARK [2][-]{subsection.6.3}{Obedience\040-\040A\040heart\040of\040obedience\040is\040the\040start\040of\040faith,\040and\040belief\040is\040the\040start\040of\040continued\040obedience}{section.6}% 238
\BOOKMARK [3][-]{subsubsection.6.3.1}{Continued\040revelation\040comes\040from\040having\040a\040heart\040of\040obedience\040towards\040God}{subsection.6.3}% 239
\BOOKMARK [3][-]{subsubsection.6.3.2}{God's\040commanded\040is\040for\040everyone\040to\040come\040to\040the\040obedience\040of\040having\040faith\040in\040Him\040through\040Jesus\040Christ}{subsection.6.3}% 240
\BOOKMARK [3][-]{subsubsection.6.3.3}{Fear\040of\040the\040Lord}{subsection.6.3}% 241
\BOOKMARK [2][-]{subsection.6.4}{Repentance\040does\040involve\040turning\040from\040sin}{section.6}% 242
\BOOKMARK [3][-]{subsubsection.6.4.1}{Justification\040by\040having\040faith\040like\040Abraham\040in\040He\040who\040raised\040Jesus\040Christ\040from\040the\040dead}{subsection.6.4}% 243
\BOOKMARK [2][-]{subsection.6.5}{The\040obedient\040children\040are\040the\040ones\040who\040are\040not\040conformed\040to\040the\040passions\040of\040our\040former\040ignorance}{section.6}% 244
\BOOKMARK [3][-]{subsubsection.6.5.1}{Jesus\040Christ\040has\040explained\040what\040the\040faith\040of\040Abraham\040looks\040like\040for\040someone\040who\040believes\040in\040Him}{subsection.6.5}% 245
\BOOKMARK [2][-]{subsection.6.6}{Get\040to\040know\040Jesus\040by\040following\040His\040commandments}{section.6}% 246
\BOOKMARK [2][-]{subsection.6.7}{The\040sons\040of\040disobedience\040are\040the\040ones\040who\040are\040conformed\040to\040sexual\040immorality,\040impurity,\040or\040covetousness,\040etc.}{section.6}% 247
\BOOKMARK [3][-]{subsubsection.6.7.1}{All\040sin\040is\040lawlessness}{subsection.6.7}% 248
\BOOKMARK [1][-]{section.7}{Try\040to\040clarify\040what\040sin\040looks\040like\040from\040Bible\040verses}{}% 249
\BOOKMARK [2][-]{subsection.7.1}{Sin\040is\040disobedience}{section.7}% 250
\BOOKMARK [2][-]{subsection.7.2}{Iniquity\040and\040sin:\040In\040this\040case,\040sin\040is\040the\040verb,\040I\040think,\040and\040iniquity\040is\040the\040noun}{section.7}% 251
\BOOKMARK [2][-]{subsection.7.3}{God\040searches\040the\040heart\040and\040tests\040the\040mind}{section.7}% 252
\BOOKMARK [2][-]{subsection.7.4}{The\040law\040is\040laid\040down\040for\040the\040sinners}{section.7}% 253
\BOOKMARK [2][-]{subsection.7.5}{Whoever\040transgresses\040the\040law\040is\040liable\040to\040judgement}{section.7}% 254
\BOOKMARK [2][-]{subsection.7.6}{Anger\040leads\040to\040the\040matter\040being\040settled\040in\040God's\040court}{section.7}% 255
\BOOKMARK [2][-]{subsection.7.7}{Sin\040-\040what\040does\040it\040look\040like}{section.7}% 256
\BOOKMARK [3][-]{subsubsection.7.7.1}{Transgressing\040the\04010\040Commandments}{subsection.7.7}% 257
\BOOKMARK [3][-]{subsubsection.7.7.2}{Having\040a\040will\040to\040do\040evil,\040rather\040than\040a\040will\040to\040do\040God's\040will}{subsection.7.7}% 258
\BOOKMARK [3][-]{subsubsection.7.7.3}{All\040manner\040of\040unrighteousness}{subsection.7.7}% 259
\BOOKMARK [3][-]{subsubsection.7.7.4}{Witchcraft\040/\040Sorcery}{subsection.7.7}% 260
\BOOKMARK [3][-]{subsubsection.7.7.5}{Murder}{subsection.7.7}% 261
\BOOKMARK [3][-]{subsubsection.7.7.6}{Theft}{subsection.7.7}% 262
\BOOKMARK [3][-]{subsubsection.7.7.7}{Rejecting\040the\040word\040of\040the\040LORD}{subsection.7.7}% 263
\BOOKMARK [3][-]{subsubsection.7.7.8}{Presumption\040and\040going\040beyond\040the\040Scripture}{subsection.7.7}% 264
\BOOKMARK [3][-]{subsubsection.7.7.9}{Wandering\040/\040backsliding\040from\040God}{subsection.7.7}% 265
\BOOKMARK [3][-]{subsubsection.7.7.10}{Prophesying\040lies}{subsection.7.7}% 266
\BOOKMARK [3][-]{subsubsection.7.7.11}{Ungodliness}{subsection.7.7}% 267
\BOOKMARK [3][-]{subsubsection.7.7.12}{Pride,\040debauchery,\040greed}{subsection.7.7}% 268
\BOOKMARK [3][-]{subsubsection.7.7.13}{Pride\040in\040self\040and\040lack\040of\040humility\040towards\040God}{subsection.7.7}% 269
\BOOKMARK [3][-]{subsubsection.7.7.14}{Discouraging\040the\040righteous,\040encouraging\040the\040wicked,\040even\040to\040misguide\040them\040to\040harm}{subsection.7.7}% 270
\BOOKMARK [3][-]{subsubsection.7.7.15}{Dishonesty}{subsection.7.7}% 271
\BOOKMARK [3][-]{subsubsection.7.7.16}{Lies\040and\040adultery}{subsection.7.7}% 272
\BOOKMARK [3][-]{subsubsection.7.7.17}{Iniquity}{subsection.7.7}% 273
\BOOKMARK [3][-]{subsubsection.7.7.18}{Profaning\040what\040is\040holy}{subsection.7.7}% 274
\BOOKMARK [3][-]{subsubsection.7.7.19}{Blasphemy}{subsection.7.7}% 275
\BOOKMARK [3][-]{subsubsection.7.7.20}{Lawlessness\040is\040sin\040-\040unresponsive\040and\040disobedient\040to\040God}{subsection.7.7}% 276
\BOOKMARK [3][-]{subsubsection.7.7.21}{Rebellion\040against\040God\040is\040sin}{subsection.7.7}% 277
\BOOKMARK [3][-]{subsubsection.7.7.22}{Not\040caring\040for\040the\040innocent}{subsection.7.7}% 278
\BOOKMARK [3][-]{subsubsection.7.7.23}{Doing\040evil\040deeds\040is\040sin}{subsection.7.7}% 279
\BOOKMARK [3][-]{subsubsection.7.7.24}{unjust\040gain}{subsection.7.7}% 280
\BOOKMARK [3][-]{subsubsection.7.7.25}{dishonesty}{subsection.7.7}% 281
\BOOKMARK [3][-]{subsubsection.7.7.26}{idolatry}{subsection.7.7}% 282
\BOOKMARK [3][-]{subsubsection.7.7.27}{sexual\040immorality}{subsection.7.7}% 283
\BOOKMARK [3][-]{subsubsection.7.7.28}{carnal,\040fleshly\040things,\040greed\040and\040self-indulgence}{subsection.7.7}% 284
\BOOKMARK [3][-]{subsubsection.7.7.29}{unnatural\040desire}{subsection.7.7}% 285
\BOOKMARK [3][-]{subsubsection.7.7.30}{Rape\040is\040very,\040very\040bad}{subsection.7.7}% 286
\BOOKMARK [3][-]{subsubsection.7.7.31}{Being\040habitually\040drunk\040is\040sinful}{subsection.7.7}% 287
\BOOKMARK [3][-]{subsubsection.7.7.32}{Slavery}{subsection.7.7}% 288
\BOOKMARK [3][-]{subsubsection.7.7.33}{Abortion}{subsection.7.7}% 289
\BOOKMARK [3][-]{subsubsection.7.7.34}{More\040sins\040condemned\040by\040the\040early\040Church}{subsection.7.7}% 290
\BOOKMARK [1][-]{section.8}{If\040the\040world\040is\040encouraging\040you,\040you're\040probably\040in\040falsehood\040or\040taking\040the\040wide\040road}{}% 291
\BOOKMARK [1][-]{section.9}{The\040times\040of\040ignorance\040are\040past}{}% 292
\BOOKMARK [1][-]{section.10}{Common\040grace}{}% 293
\BOOKMARK [1][-]{section.11}{Justification\040-\040declared\040'not\040guilty',\040if\040in\040Christ\040Jesus}{}% 294
\BOOKMARK [2][-]{subsection.11.1}{We\040must\040live\040by\040faith\040-\040live\040by\040obedience\040to\040God!}{section.11}% 295
\BOOKMARK [2][-]{subsection.11.2}{We\040must\040be\040found\040in\040Jesus}{section.11}% 296
\BOOKMARK [3][-]{subsubsection.11.2.1}{I\040believe\040we\040have\040to\040remain\040in\040Christ\040to\040remain\040justified}{subsection.11.2}% 297
\BOOKMARK [2][-]{subsection.11.3}{The\040ones\040who\040are\040in\040Jesus\040have\040been\040called\040out\040of\040darkness\040and\040into\040His\040light}{section.11}% 298
\BOOKMARK [2][-]{subsection.11.4}{Don't\040envy\040evildoers}{section.11}% 299
\BOOKMARK [2][-]{subsection.11.5}{Sanctification\040\(turning\040from\040sin\040and\040being\040cleaned\)\040is\040a\040marker\040of\040those\040who\040are\040in\040Jesus}{section.11}% 300
\BOOKMARK [2][-]{subsection.11.6}{We\040are\040justified\040by\040faith\040in\040God\040who\040delivered\040up\040for\040our\040trespasses\040and\040raised\040Jesus\040Christ\040from\040the\040dead\040for\040our\040justification}{section.11}% 301
\BOOKMARK [2][-]{subsection.11.7}{Justified\040by\040our\040words}{section.11}% 302
\BOOKMARK [2][-]{subsection.11.8}{Justified\040by\040grace}{section.11}% 303
\BOOKMARK [3][-]{subsubsection.11.8.1}{Justified\040by\040faith\040following\040Jesus}{subsection.11.8}% 304
\BOOKMARK [3][-]{subsubsection.11.8.2}{When\040James\040mentions\040"justification\040by\040works",\040he\040actually\040is\040referring\040to\040justification\040by\040obedient\040faith\040\(obedient\040faith\040is\040still\040faith\)}{subsection.11.8}% 305
\BOOKMARK [3][-]{subsubsection.11.8.3}{Justified\040by\040the\040blood\040of\040Jesus,\040received\040through\040faith\040in\040Jesus\040Christ\040as\040Lord}{subsection.11.8}% 306
\BOOKMARK [3][-]{subsubsection.11.8.4}{Believing\040the\040Word\040of\040Truth\040-\040sealed\040with\040the\040promised\040Holy\040Spirit}{subsection.11.8}% 307
\BOOKMARK [2][-]{subsection.11.9}{Faith,\040Law,\040Works}{section.11}% 308
\BOOKMARK [3][-]{subsubsection.11.9.1}{Love\040is\040defined\040by\040Jesus}{subsection.11.9}% 309
\BOOKMARK [3][-]{subsubsection.11.9.2}{Christians\040are\040not\040under\040the\040Mosaic\040law\040because\040we\040are\040under\040grace\040as\040we\040are\040under\040Christ's\040law,\040but\040we\040don't\040despise\040the\040Torah,\040nor\040annul\040it,\040nor\040teach\040others\040to\040annul\040it}{subsection.11.9}% 310
\BOOKMARK [3][-]{subsubsection.11.9.3}{Saying\040obeying\040God's\040commandments\040are\040exclusively\040works\040is\040false}{subsection.11.9}% 311
\BOOKMARK [3][-]{subsubsection.11.9.4}{Faith\040in\040Jesus\040Christ\040doesn't\040exclude\040obedience.\040Knowing\040Jesus\040is\040more\040than\040knowing\040about\040Jesus.\040About\040the\040Galatian\040error\040for\040those\040who\040try\040to\040use\040this\040passage\040in\040order\040to\040avoid\040obeying\040Jesus}{subsection.11.9}% 312
\BOOKMARK [3][-]{subsubsection.11.9.5}{Didache}{subsection.11.9}% 313
\BOOKMARK [3][-]{subsubsection.11.9.6}{Our\040point\040of\040reference}{subsection.11.9}% 314
\BOOKMARK [3][-]{subsubsection.11.9.7}{Purity\040of\040heart}{subsection.11.9}% 315
\BOOKMARK [3][-]{subsubsection.11.9.8}{We\040should\040align\040our\040hearts\040and\040minds\040to\040God's\040precepts,\040not\040submit\040to\040worldly\040precepts\040which\040are\040fictions}{subsection.11.9}% 316
\BOOKMARK [3][-]{subsubsection.11.9.9}{We\040must\040cleanse\040ourself\040of\040defilement\040if\040we\040want\040God\040to\040use\040us\040more,\040and\040if\040we\040want\040to\040see\040with\040faith\040and\040hear\040God\040more\040clearly}{subsection.11.9}% 317
\BOOKMARK [3][-]{subsubsection.11.9.10}{Impurity\040lies\040the\040heart}{subsection.11.9}% 318
\BOOKMARK [3][-]{subsubsection.11.9.11}{Purifying\040the\040heart\040and\040the\040soul}{subsection.11.9}% 319
\BOOKMARK [3][-]{subsubsection.11.9.12}{Being\040a\040slave\040to\040righteousness\040is\040possible\040without\040adhering\040to\040the\040Mosaic\040law,\040by\040being\040led\040by\040Jesus'\040Spirit}{subsection.11.9}% 320
\BOOKMARK [3][-]{subsubsection.11.9.13}{If\040a\040person\040is\040led\040by\040the\040Spirit\040then\040the\040Lord\040Jesus\040is\040in\040control\040of\040their\040life,\040which\040means\040that\040person\040obeys\040Jesus'\040commandments:}{subsection.11.9}% 321
\BOOKMARK [3][-]{subsubsection.11.9.14}{We\040must\040have\040attention\040to\040Jesus\040Christ\040our\040Lord}{subsection.11.9}% 322
\BOOKMARK [3][-]{subsubsection.11.9.15}{Make\040the\040tree\040good\040and\040the\040fruit\040good}{subsection.11.9}% 323
\BOOKMARK [3][-]{subsubsection.11.9.16}{Judgement}{subsection.11.9}% 324
\BOOKMARK [3][-]{subsubsection.11.9.17}{Our\040Lord\040is\040the\040Son\040of\040Man,\040and\040we\040should\040be\040ready\040and\040on\040alert}{subsection.11.9}% 325
\BOOKMARK [3][-]{subsubsection.11.9.18}{I\040believe\040I\040was\040saved\040and\040born-again\040by\040seeking\040Jesus\040and\040calling\040on\040the\040name\040of\040the\040Lord}{subsection.11.9}% 326
\BOOKMARK [3][-]{subsubsection.11.9.19}{We\040should\040not\040rebel\040against\040the\040law\040-\040but\040we\040should\040obey\040the\040truth\040in\040truth}{subsection.11.9}% 327
\BOOKMARK [1][-]{section.12}{Faith\040requires\040obedience}{}% 328
\BOOKMARK [2][-]{subsection.12.1}{The\040obedient\040children\040are\040the\040ones\040who\040are\040not\040conformed\040to\040the\040passions\040of\040our\040former\040ignorance}{section.12}% 329
\BOOKMARK [2][-]{subsection.12.2}{The\040sons\040of\040disobedience\040are\040the\040ones\040who\040are\040conformed\040to\040sexual\040immorality,\040impurity,\040or\040covetousness,\040etc.}{section.12}% 330
\BOOKMARK [2][-]{subsection.12.3}{Get\040to\040know\040Jesus\040by\040following\040His\040commandments}{section.12}% 331
\BOOKMARK [1][-]{section.13}{True\040religion}{}% 332
\BOOKMARK [1][-]{section.14}{Repentance\040from\040sin}{}% 333
\BOOKMARK [2][-]{subsection.14.1}{Parable\040of\040the\040prodigal\040son\040-\040God's\040joy\040over\040a\040sinner\040that\040repents\040from\040sin}{section.14}% 334
\BOOKMARK [1][-]{section.15}{Obtain\040a\040faith\040of\040equal\040standing\040with\040the\040Apostles\040by\040the\040righteousness\040of\040our\040God\040and\040Savior\040Jesus\040Christ}{}% 335
\BOOKMARK [2][-]{subsection.15.1}{Knowing\040and\040being\040found\040in\040Christ\040Jesus\040is\040what\040it's\040all\040about}{section.15}% 336
\BOOKMARK [2][-]{subsection.15.2}{There\040is\040no\040salvation\040without\040repentance\040-\040we\040must\040turn\040away\040from\040sin}{section.15}% 337
\BOOKMARK [2][-]{subsection.15.3}{We\040must\040believe\040the\040truth,\040forsake\040sin,\040and\040live\040to\040righteousness}{section.15}% 338
\BOOKMARK [3][-]{subsubsection.15.3.1}{Holiness}{subsection.15.3}% 339
\BOOKMARK [3][-]{subsubsection.15.3.2}{Personal\040'holiness'\040/\040'righteousness'\040\(i.e.\040devotion\040to\040Christ\)}{subsection.15.3}% 340
\BOOKMARK [3][-]{subsubsection.15.3.3}{We\040approach\040Christ's\040very\040image}{subsection.15.3}% 341
\BOOKMARK [3][-]{subsubsection.15.3.4}{Repentance:\040Put\040off\040the\040old\040self}{subsection.15.3}% 342
\BOOKMARK [3][-]{subsubsection.15.3.5}{Put\040on\040the\040new\040self:\040Christ-likeness}{subsection.15.3}% 343
\BOOKMARK [3][-]{subsubsection.15.3.6}{What\040must\040be\040believe,\040and\040what\040we\040must\040do:\040Walk\040in\040truth\040and\040love\040the\040way\040Jesus\040has\040commanded\040us}{subsection.15.3}% 344
\BOOKMARK [3][-]{subsubsection.15.3.7}{Come\040to\040the\040knowledge\040of\040the\040truth}{subsection.15.3}% 345
\BOOKMARK [3][-]{subsubsection.15.3.8}{Identity\040in\040Christ}{subsection.15.3}% 346
\BOOKMARK [3][-]{subsubsection.15.3.9}{Become\040what\040we\040are\040by\040identity\040-\040put\040to\040death\040the\040old\040leaven}{subsection.15.3}% 347
\BOOKMARK [3][-]{subsubsection.15.3.10}{We\040must\040resist\040the\040devil}{subsection.15.3}% 348
\BOOKMARK [1][-]{section.16}{Sanctification}{}% 349
\BOOKMARK [2][-]{subsection.16.1}{Allow\040myself\040to\040be\040corrected}{section.16}% 350
\BOOKMARK [3][-]{subsubsection.16.1.1}{The\040Holy\040Spirit\040will\040teach\040you}{subsection.16.1}% 351
\BOOKMARK [2][-]{subsection.16.2}{Be\040corrected\040by\040the\040truth}{section.16}% 352
\BOOKMARK [2][-]{subsection.16.3}{Repent\040of\040evil\040deeds,\040feelings\040and\040thoughts}{section.16}% 353
\BOOKMARK [2][-]{subsection.16.4}{Renew\040our\040minds}{section.16}% 354
\BOOKMARK [2][-]{subsection.16.5}{Be\040qualified\040regarding\040the\040faith\040-\040renewed\040in\040mind,\040not\040opposing\040the\040truth}{section.16}% 355
\BOOKMARK [3][-]{subsubsection.16.5.1}{Set\040our\040mind\040on\040heavenly\040things,\040not\040earthly\040things}{subsection.16.5}% 356
\BOOKMARK [2][-]{subsection.16.6}{Put\040a\040stop\040to\040sin\040and\040practice\040personal\040righteousness}{section.16}% 357
\BOOKMARK [2][-]{subsection.16.7}{Sanctification\040by\040the\040Spirit\040and\040faith\040/\040obedience}{section.16}% 358
\BOOKMARK [2][-]{subsection.16.8}{God\040is\040the\040source\040of\040our\040life\040in\040Christ\040Jesus.\040Jesus\040is\040the\040source\040of\040our\040wisdom\040and\040righteousness\040and\040sanctification\040and\040redemption}{section.16}% 359
\BOOKMARK [3][-]{subsubsection.16.8.1}{We\040only\040boast\040in\040Christ\040Jesus,\040since\040He\040is\040our\040wisdom,\040righteousness,\040sanctification\040and\040redemption}{subsection.16.8}% 360
\BOOKMARK [3][-]{subsubsection.16.8.2}{Filled\040with\040the\040fruit\040of\040righteousness\040that\040comes\040through\040Jesus\040Christ,\040to\040the\040glory\040and\040praise\040of\040God}{subsection.16.8}% 361
\BOOKMARK [2][-]{subsection.16.9}{Sanctification\040is\040being\040cleaned\040from\040sin\040and\040brought\040into\040believing\040and\040practicing\040truth}{section.16}% 362
\BOOKMARK [3][-]{subsubsection.16.9.1}{Corruption\040remains\040a\040problem\040even\040for\040the\040regenerated}{subsection.16.9}% 363
\BOOKMARK [3][-]{subsubsection.16.9.2}{Bad\040desire\040-\040leads\040to\040death.\040We\040do\040not\040want\040to\040be\040enslaved\040to\040corruption}{subsection.16.9}% 364
\BOOKMARK [3][-]{subsubsection.16.9.3}{Good\040desire\040-\040Love\040God\040and\040one's\040neighbour}{subsection.16.9}% 365
\BOOKMARK [1][-]{section.17}{Clearing\040up\040justifying\040faith\040vs\040justifying\040works\040-\040It's\040faith\040in\040Jesus\040Himself\040that\040matters.\040Also,\040it's\040God\040who\040justifies\040us,\040not\040we\040who\040justify\040ourselves.\040We\040have\040faith\040in\040God\040to\040justify\040us,\040as\040we\040place\040our\040faith\040in\040Him}{}% 366
\BOOKMARK [2][-]{subsubsection.17.0.1}{Salvation\040by\040obedience}{section.17}% 367
\BOOKMARK [2][-]{subsection.17.1}{Walking\040in\040trusting\040faith\040in\040Jesus}{section.17}% 368
\BOOKMARK [3][-]{subsubsection.17.1.1}{To\040be\040"under\040the\040law"\040is\040to\040"rely"\040on\040your\040own\040perfect\040obedience\040to\040the\040law\040for\040justification,\040life\040and\040salvation}{subsection.17.1}% 369
\BOOKMARK [3][-]{subsubsection.17.1.2}{I\040affirm\040we\040are\040free\040in\040Christ\040Jesus,\040enslaved\040to\040God,\040and\040have\040victory\040over\040death}{subsection.17.1}% 370
\BOOKMARK [2][-]{subsection.17.2}{God\040justifies\040even\040ungodly\040people\040who\040have\040faith\040in\040Jesus}{section.17}% 371
\BOOKMARK [2][-]{subsection.17.3}{Obedient\040action\040including\040seeking\040God\040in\040faith\040\(trusting\040God's\040words\040and\040seeking\)}{section.17}% 372
\BOOKMARK [2][-]{subsection.17.4}{Obedience\040belongs\040in\040faith}{section.17}% 373
\BOOKMARK [2][-]{subsection.17.5}{The\040type\040of\040work\040that\040is\040good\040-\040works\040done\040in\040faith}{section.17}% 374
\BOOKMARK [3][-]{subsubsection.17.5.1}{Since\040Jesus\040has\040made\040the\040way,\040we\040serve\040God\040with\040good\040works.\040We\040have\040received\040mercy.\040We\040should\040then\040be\040merciful:}{subsection.17.5}% 375
\BOOKMARK [3][-]{subsubsection.17.5.2}{Works\040must\040serve\040God,\040submitted\040to\040the\040righteousness\040that\040comes\040from\040God}{subsection.17.5}% 376
\BOOKMARK [2][-]{subsection.17.6}{Dead\040works:\040The\040type\040of\040work\040that's\040bad}{section.17}% 377
\BOOKMARK [3][-]{subsubsection.17.6.1}{Works\040of\040the\040law\040are\040dead\040works.\040God\040always\040desired\040us\040to\040serve\040Him\040with\040mercy}{subsection.17.6}% 378
\BOOKMARK [2][-]{subsection.17.7}{Working\040faith}{section.17}% 379
\BOOKMARK [3][-]{subsubsection.17.7.1}{Faith\040in\040Jesus\040Himself}{subsection.17.7}% 380
\BOOKMARK [3][-]{subsubsection.17.7.2}{Faith\040is\040faithful,\040humble,\040and\040enduring\040-\040it's\040active\040and\040enduring\040faithfulness\040to\040God\040in\040humility}{subsection.17.7}% 381
\BOOKMARK [3][-]{subsubsection.17.7.3}{Jesus's\040Lordship\040is\040not\040merely\040His\040authority\040over\040us,\040but\040us\040yielding\040our\040lives\040to\040Jesus\040-\040us\040wanting\040to\040do\040His\040will,\040and\040us\040wanting\040to\040obey\040Him}{subsection.17.7}% 382
\BOOKMARK [3][-]{subsubsection.17.7.4}{Lordship\040salvation\040and\040free\040grace\040-\040an\040apparent\040paradox}{subsection.17.7}% 383
\BOOKMARK [3][-]{subsubsection.17.7.5}{God\040desired\040to\040give\040assurance\040to\040the\040heirs\040of\040the\040promise}{subsection.17.7}% 384
\BOOKMARK [3][-]{subsubsection.17.7.6}{Yield\040to\040God}{subsection.17.7}% 385
\BOOKMARK [3][-]{subsubsection.17.7.7}{Obey\040God\040and\040let\040Him\040save\040you}{subsection.17.7}% 386
\BOOKMARK [3][-]{subsubsection.17.7.8}{The\040work\040of\040God\040is\040to\040trust\040in\040who\040He\040has\040sent,\040Jesus.\040God's\040work\040is\040God\040working,\040and\040us\040working\040in\040obedience\040to\040God}{subsection.17.7}% 387
\BOOKMARK [3][-]{subsubsection.17.7.9}{Don't\040underestimate\040Jesus'\040saving\040power}{subsection.17.7}% 388
\BOOKMARK [3][-]{subsubsection.17.7.10}{Justification\040and\040redemption\040are\040a\040total\040gift}{subsection.17.7}% 389
\BOOKMARK [3][-]{subsubsection.17.7.11}{Just\040believe/obey\040Jesus\040to\040receive\040more\040faith\040and\040revelation\040and\040salvation}{subsection.17.7}% 390
\BOOKMARK [3][-]{subsubsection.17.7.12}{The\040obedience\040of\040faith}{subsection.17.7}% 391
\BOOKMARK [1][-]{section.18}{Faith\040in\040God}{}% 392
\BOOKMARK [2][-]{subsection.18.1}{Only\040with\040God\040are\040all\040things\040possible\040for\040one\040who\040believes.\040Our\040faith\040must\040be\040faith\040'with\040God',\040and\040our\040faith\040should\040in\040accordance\040with\040His\040will}{section.18}% 393
\BOOKMARK [3][-]{subsubsection.18.1.1}{We\040should\040have\040faith\040for\040what\040is\040according\040to\040His\040will}{subsection.18.1}% 394
\BOOKMARK [2][-]{subsection.18.2}{Faith\040should\040be\040built\040up\040on\040trusting\040the\040Word\040of\040God}{section.18}% 395
\BOOKMARK [2][-]{subsection.18.3}{We\040should\040have\040minds\040that,\040by\040testing,\040we\040can\040discern\040the\040will\040of\040God,\040and\040act\040in\040faith\040according\040to\040God's\040will\040as\040far\040as\040we\040can\040discern}{section.18}% 396
\BOOKMARK [2][-]{subsection.18.4}{Faith\040that\040has\040been\040built\040up\040in\040God's\040will\040produces\040miracles}{section.18}% 397
\BOOKMARK [2][-]{subsection.18.5}{This\040man\040trusted\040Jesus'\040word\040and\040acted\040on\040it\040-\040He\040had\040faith\040in\040Jesus}{section.18}% 398
\BOOKMARK [2][-]{subsection.18.6}{This\040man\040had\040faith\040to\040be\040made\040well.\040Paul\040the\040Apostle\040was\040also\040acting\040in\040faith}{section.18}% 399
\BOOKMARK [2][-]{subsection.18.7}{Jesus,\040with\040compassion\040for\040the\040man,\040and\040faith\040in\040God,\040sternly\040commanded\040the\040unclean\040spirit\040to\040leave}{section.18}% 400
\BOOKMARK [2][-]{subsection.18.8}{healing\040/\040deliverance\040ministries}{section.18}% 401
\BOOKMARK [3][-]{subsubsection.18.8.1}{I\040feel\040like\040we\040should\040have\040compassion\040when\040we\040are\040serving\040others,\040even\040in\040healing\040/\040deliverance\040ministries}{subsection.18.8}% 402
\BOOKMARK [2][-]{subsection.18.9}{Spiritual\040warfare}{section.18}% 403
\BOOKMARK [3][-]{subsubsection.18.9.1}{What\040to\040do\040if\040you\040are\040under\040attack}{subsection.18.9}% 404
\BOOKMARK [2][-]{subsection.18.10}{Deliverance}{section.18}% 405
\BOOKMARK [3][-]{subsubsection.18.10.1}{A\040simple\040command\040should\040work,\040with\040faith}{subsection.18.10}% 406
\BOOKMARK [3][-]{subsubsection.18.10.2}{We\040can\040and\040should\040use\040Jesus'\040name\040to\040cast\040out\040demons\040-\040There\040is\040power\040in\040the\040name\040of\040Jesus}{subsection.18.10}% 407
\BOOKMARK [3][-]{subsubsection.18.10.3}{Christians\040can\040be\040afflicted\040by\040demons}{subsection.18.10}% 408
\BOOKMARK [3][-]{subsubsection.18.10.4}{Deliverance\040on\040oneself\040\(according\040to\040Derek\040Prince\)}{subsection.18.10}% 409
\BOOKMARK [3][-]{subsubsection.18.10.5}{Using\040Jesus'\040name\040with\040faith}{subsection.18.10}% 410
\BOOKMARK [3][-]{subsubsection.18.10.6}{Why\040some\040people\040are\040not\040delivered\040\(according\040to\040Derek\040Prince\)}{subsection.18.10}% 411
\BOOKMARK [3][-]{subsubsection.18.10.7}{How\040to\040keep\040your\040deliverance}{subsection.18.10}% 412
\BOOKMARK [3][-]{subsubsection.18.10.8}{Prayer\040by\040Derek\040Prince}{subsection.18.10}% 413
\BOOKMARK [2][-]{subsection.18.11}{Deliverance/exorcism}{section.18}% 414
\BOOKMARK [3][-]{subsubsection.18.11.1}{Good\040songs\040for\040getting\040rid\040of\040demons\040\(speak\040the\040lyrics\040in\040your\040head\040or\040out\040loud,\040especially\040say\040them\040in\040your\040heart\)}{subsection.18.11}% 415
\BOOKMARK [3][-]{subsubsection.18.11.2}{We\040can\040rebuke\040the\040devil\040with\040Jesus'\040authority}{subsection.18.11}% 416
\BOOKMARK [3][-]{subsubsection.18.11.3}{Demons\040are\040not\040rare}{subsection.18.11}% 417
\BOOKMARK [3][-]{subsubsection.18.11.4}{Demons\040consider\040a\040persons'\040body\040their\040home}{subsection.18.11}% 418
\BOOKMARK [3][-]{subsubsection.18.11.5}{Renounce\040the\040ungodliness}{subsection.18.11}% 419
\BOOKMARK [3][-]{subsubsection.18.11.6}{This\040demon\040came\040out\040within\040the\040hour}{subsection.18.11}% 420
\BOOKMARK [3][-]{subsubsection.18.11.7}{This\040demon\040was\040resistant}{subsection.18.11}% 421
\BOOKMARK [3][-]{subsubsection.18.11.8}{All\040believers\040can\040cast\040out\040demons}{subsection.18.11}% 422
\BOOKMARK [3][-]{subsubsection.18.11.9}{We\040must\040be\040spiritually-minded,\040not\040earthly-minded}{subsection.18.11}% 423
\BOOKMARK [3][-]{subsubsection.18.11.10}{Exorcism\040prayer\040by\040Derek\040Prince}{subsection.18.11}% 424
\BOOKMARK [3][-]{subsubsection.18.11.11}{Prayer\040by\040Isaiah\040Saldivar}{subsection.18.11}% 425
\BOOKMARK [2][-]{subsection.18.12}{Faith\040requires\040obedience\040-\040i.e.\040acting\040in\040faith\040/\040living\040by\040faith}{section.18}% 426
\BOOKMARK [3][-]{subsubsection.18.12.1}{Work/Love/Walking-By-Faith}{subsection.18.12}% 427
\BOOKMARK [3][-]{subsubsection.18.12.2}{Fear-of-God}{subsection.18.12}% 428
\BOOKMARK [3][-]{subsubsection.18.12.3}{Faith\040vector\040illustration}{subsection.18.12}% 429
\BOOKMARK [1][-]{section.19}{Jesus\040has\040immortality\040and\040gives\040eternal\040life,\040but\040we\040must\040come\040to\040Him\040in\040obedience,\040and\040follow\040Him,\040to\040receive\040it}{}% 430
\BOOKMARK [2][-]{subsection.19.1}{Do\040not\040doubt,\040and\040believe\040that\040you\040have\040received\040it,\040even\040acting\040in\040a\040way\040in\040which\040it\040is\040already\040received}{section.19}% 431
\BOOKMARK [2][-]{subsection.19.2}{Jesus\040Christ\040is\040the\040cornerstone\040of\040the\040foundation\040which\040we\040build\040as\040disciples}{section.19}% 432
\BOOKMARK [2][-]{subsection.19.3}{God\040is\040the\040one\040building\040the\040foundations\040of\040the\040city}{section.19}% 433
\BOOKMARK [2][-]{subsection.19.4}{Building\040a\040foundation\040\(on\040the\040cornerstone\040of\040Jesus\)}{section.19}% 434
\BOOKMARK [2][-]{subsection.19.5}{To\040go\040where\040Jesus\040has\040not\040yet\040been\040preached\040is\040to\040avoid\040building\040on\040other\040people's\040foundations}{section.19}% 435
\BOOKMARK [2][-]{subsection.19.6}{We\040work\040as\040servants\040of\040God,\040and\040the\040foundation\040of\040our\040work\040must\040be\040Jesus\040Christ}{section.19}% 436
\BOOKMARK [3][-]{subsubsection